-------------------------------------------------------------------------------
Test set: tests.SearchItemTest
-------------------------------------------------------------------------------
Tests run: 3, Failures: 1, Errors: 0, Skipped: 1, Time elapsed: 20.74 s <<< FAILURE! -- in tests.SearchItemTest
tests.SearchItemTest.addSearchedItemToCart -- Time elapsed: 19.17 s <<< FAILURE!
org.opentest4j.AssertionFailedError: 
Some products did not match the search term:
Product name does not contain 'dress': SUEDE LOAFER, NAVY
Product name does not contain 'dress': DORIAN PERFORATED OXFORD
Product name does not contain 'dress': SLIM FIT DOBBY OXFORD SHIRT
Product name does not contain 'dress': FRENCH CUFF COTTON TWILL OXFORD ==> expected: <true> but was: <false>
	at org.junit.jupiter.api.AssertionFailureBuilder.build(AssertionFailureBuilder.java:151)
	at org.junit.jupiter.api.AssertionFailureBuilder.buildAndThrow(AssertionFailureBuilder.java:132)
	at org.junit.jupiter.api.AssertTrue.failNotTrue(AssertTrue.java:63)
	at org.junit.jupiter.api.AssertTrue.assertTrue(AssertTrue.java:36)
	at org.junit.jupiter.api.Assertions.assertTrue(Assertions.java:214)
	at tests.SearchItemTest.addSearchedItemToCart(SearchItemTest.java:46)
	at java.base/java.lang.reflect.Method.invoke(Method.java:580)
	at java.base/java.util.ArrayList.forEach(ArrayList.java:1596)
	at java.base/java.util.ArrayList.forEach(ArrayList.java:1596)

